2021-04-27 10:28:21,998 INFO o.a.j.u.JMeterUtils: Setting Locale to en_EN
2021-04-27 10:28:22,028 INFO o.a.j.JMeter: Loading user properties from: /opt/apache-jmeter-5.3/bin/user.properties
2021-04-27 10:28:22,030 INFO o.a.j.JMeter: Loading system properties from: /opt/apache-jmeter-5.3/bin/system.properties
2021-04-27 10:28:22,031 INFO o.a.j.JMeter: Setting JMeter property: HOST=smh.com.au
2021-04-27 10:28:22,033 INFO o.a.j.JMeter: Copyright (c) 1998-2020 The Apache Software Foundation
2021-04-27 10:28:22,033 INFO o.a.j.JMeter: Version 5.3
2021-04-27 10:28:22,034 INFO o.a.j.JMeter: java.version=1.8.0_252
2021-04-27 10:28:22,034 INFO o.a.j.JMeter: java.vm.name=OpenJDK 64-Bit Server VM
2021-04-27 10:28:22,035 INFO o.a.j.JMeter: os.name=Linux
2021-04-27 10:28:22,035 INFO o.a.j.JMeter: os.arch=amd64
2021-04-27 10:28:22,036 INFO o.a.j.JMeter: os.version=4.19.121-linuxkit
2021-04-27 10:28:22,036 INFO o.a.j.JMeter: file.encoding=UTF-8
2021-04-27 10:28:22,037 INFO o.a.j.JMeter: java.awt.headless=true
2021-04-27 10:28:22,038 INFO o.a.j.JMeter: Max memory     =184549376
2021-04-27 10:28:22,038 INFO o.a.j.JMeter: Available Processors =4
2021-04-27 10:28:22,047 INFO o.a.j.JMeter: Default Locale=English (EN)
2021-04-27 10:28:22,048 INFO o.a.j.JMeter: JMeter  Locale=English (EN)
2021-04-27 10:28:22,049 INFO o.a.j.JMeter: JMeterHome=/opt/apache-jmeter-5.3
2021-04-27 10:28:22,050 INFO o.a.j.JMeter: user.dir  =/Users/itue/workspace/jenkins/jenkins-integration
2021-04-27 10:28:22,050 INFO o.a.j.JMeter: PWD       =/Users/itue/workspace/jenkins/jenkins-integration
2021-04-27 10:28:22,052 INFO o.a.j.JMeter: IP: 172.17.0.2 Name: 33e3803aa7fe FullName: 33e3803aa7fe
2021-04-27 10:28:22,061 INFO o.a.j.s.FileServer: Default base='/Users/itue/workspace/jenkins/jenkins-integration'
2021-04-27 10:28:22,070 INFO o.a.j.s.FileServer: Set new base='/Users/itue/workspace/jenkins/jenkins-integration'
2021-04-27 10:28:22,284 INFO o.a.j.s.SaveService: Testplan (JMX) version: 2.2. Testlog (JTL) version: 2.2
2021-04-27 10:28:22,316 INFO o.a.j.s.SaveService: Using SaveService properties file encoding UTF-8
2021-04-27 10:28:22,323 INFO o.a.j.s.SaveService: Using SaveService properties version 5.0
2021-04-27 10:28:22,344 INFO o.a.j.s.SaveService: Loading file: TestPlan.jmx
2021-04-27 10:28:22,425 INFO o.a.j.p.h.s.HTTPSamplerBase: Parser for text/html is org.apache.jmeter.protocol.http.parser.LagartoBasedHtmlParser
2021-04-27 10:28:22,426 INFO o.a.j.p.h.s.HTTPSamplerBase: Parser for application/xhtml+xml is org.apache.jmeter.protocol.http.parser.LagartoBasedHtmlParser
2021-04-27 10:28:22,427 INFO o.a.j.p.h.s.HTTPSamplerBase: Parser for application/xml is org.apache.jmeter.protocol.http.parser.LagartoBasedHtmlParser
2021-04-27 10:28:22,428 INFO o.a.j.p.h.s.HTTPSamplerBase: Parser for text/xml is org.apache.jmeter.protocol.http.parser.LagartoBasedHtmlParser
2021-04-27 10:28:22,429 INFO o.a.j.p.h.s.HTTPSamplerBase: Parser for text/vnd.wap.wml is org.apache.jmeter.protocol.http.parser.RegexpHTMLParser
2021-04-27 10:28:22,429 INFO o.a.j.p.h.s.HTTPSamplerBase: Parser for text/css is org.apache.jmeter.protocol.http.parser.CssParser
2021-04-27 10:28:22,478 INFO o.a.j.JMeter: Creating summariser <summary>
2021-04-27 10:28:22,489 INFO o.a.j.e.StandardJMeterEngine: Running the test!
2021-04-27 10:28:22,491 INFO o.a.j.s.SampleEvent: List of sample_variables: []
2021-04-27 10:28:22,492 INFO o.a.j.s.SampleEvent: List of sample_variables: []
2021-04-27 10:28:22,500 INFO o.a.j.e.u.CompoundVariable: Note: Function class names must contain the string: '.functions.'
2021-04-27 10:28:22,502 INFO o.a.j.e.u.CompoundVariable: Note: Function class names must not contain the string: '.gui.'
2021-04-27 10:28:22,938 INFO o.a.j.JMeter: Running test (1619519302938)
2021-04-27 10:28:22,967 INFO o.a.j.e.StandardJMeterEngine: Starting ThreadGroup: 1 : Users
2021-04-27 10:28:22,968 INFO o.a.j.e.StandardJMeterEngine: Starting 5 threads for group Users.
2021-04-27 10:28:22,968 INFO o.a.j.e.StandardJMeterEngine: Thread will continue on error
2021-04-27 10:28:22,969 INFO o.a.j.t.ThreadGroup: Starting thread group... number=1 threads=5 ramp-up=10 delayedStart=false
2021-04-27 10:28:22,981 INFO o.a.j.t.JMeterThread: Thread started: Users 1-1
2021-04-27 10:28:22,982 INFO o.a.j.t.ThreadGroup: Started thread group number 1
2021-04-27 10:28:22,982 INFO o.a.j.e.StandardJMeterEngine: All thread groups have been started
2021-04-27 10:28:23,011 INFO o.a.j.p.h.s.HTTPHCAbstractImpl: Local host = 33e3803aa7fe
2021-04-27 10:28:23,023 INFO o.a.j.p.h.s.HTTPHC4Impl: HTTP request retry count = 0
2021-04-27 10:28:23,026 INFO o.a.j.s.SampleResult: Note: Sample TimeStamps are START times
2021-04-27 10:28:23,027 INFO o.a.j.s.SampleResult: sampleresult.default.encoding is set to ISO-8859-1
2021-04-27 10:28:23,027 INFO o.a.j.s.SampleResult: sampleresult.useNanoTime=true
2021-04-27 10:28:23,028 INFO o.a.j.s.SampleResult: sampleresult.nanoThreadSleep=5000
2021-04-27 10:28:23,180 INFO o.a.j.p.h.s.h.LazyLayeredConnectionSocketFactory: Setting up HTTPS TrustAll Socket Factory
2021-04-27 10:28:23,191 INFO o.a.j.u.JsseSSLManager: Using default SSL protocol: TLS
2021-04-27 10:28:23,192 INFO o.a.j.u.JsseSSLManager: SSL session context: per-thread
2021-04-27 10:28:23,273 INFO o.a.j.u.SSLManager: JmeterKeyStore Location:  type JKS
2021-04-27 10:28:23,278 INFO o.a.j.u.SSLManager: KeyStore created OK
2021-04-27 10:28:23,279 WARN o.a.j.u.SSLManager: Keystore file not found, loading empty keystore
2021-04-27 10:28:23,981 INFO o.a.j.t.JMeterThread: Thread is done: Users 1-1
2021-04-27 10:28:23,982 INFO o.a.j.t.JMeterThread: Thread finished: Users 1-1
2021-04-27 10:28:24,976 INFO o.a.j.t.JMeterThread: Thread started: Users 1-2
2021-04-27 10:28:25,440 INFO o.a.j.t.JMeterThread: Thread is done: Users 1-2
2021-04-27 10:28:25,441 INFO o.a.j.t.JMeterThread: Thread finished: Users 1-2
2021-04-27 10:28:26,974 INFO o.a.j.t.JMeterThread: Thread started: Users 1-3
2021-04-27 10:28:27,455 INFO o.a.j.t.JMeterThread: Thread is done: Users 1-3
2021-04-27 10:28:27,456 INFO o.a.j.t.JMeterThread: Thread finished: Users 1-3
2021-04-27 10:28:28,976 INFO o.a.j.t.JMeterThread: Thread started: Users 1-4
2021-04-27 10:28:29,489 INFO o.a.j.t.JMeterThread: Thread is done: Users 1-4
2021-04-27 10:28:29,491 INFO o.a.j.t.JMeterThread: Thread finished: Users 1-4
2021-04-27 10:28:30,976 INFO o.a.j.t.JMeterThread: Thread started: Users 1-5
2021-04-27 10:28:31,276 INFO o.a.j.r.Summariser: summary +      9 in 00:00:08 =    1.1/s Avg:   284 Min:   158 Max:   656 Err:     0 (0.00%) Active: 1 Started: 5 Finished: 4
2021-04-27 10:28:31,448 INFO o.a.j.t.JMeterThread: Thread is done: Users 1-5
2021-04-27 10:28:31,449 INFO o.a.j.t.JMeterThread: Thread finished: Users 1-5
2021-04-27 10:28:31,450 INFO o.a.j.e.StandardJMeterEngine: Notifying test listeners of end of test
2021-04-27 10:28:31,453 INFO o.a.j.r.Summariser: summary +      1 in 00:00:00 =    5.6/s Avg:   167 Min:   167 Max:   167 Err:     0 (0.00%) Active: 0 Started: 5 Finished: 5
2021-04-27 10:28:31,454 INFO o.a.j.r.Summariser: summary =     10 in 00:00:09 =    1.2/s Avg:   272 Min:   158 Max:   656 Err:     0 (0.00%)
