2021-04-27 10:28:07,314 INFO o.a.j.u.JMeterUtils: Setting Locale to en_EN
2021-04-27 10:28:07,346 INFO o.a.j.JMeter: Loading user properties from: /opt/apache-jmeter-5.3/bin/user.properties
2021-04-27 10:28:07,347 INFO o.a.j.JMeter: Loading system properties from: /opt/apache-jmeter-5.3/bin/system.properties
2021-04-27 10:28:07,348 INFO o.a.j.JMeter: Setting JMeter property: HOST=smh.com.au
2021-04-27 10:28:07,350 INFO o.a.j.JMeter: Copyright (c) 1998-2020 The Apache Software Foundation
2021-04-27 10:28:07,351 INFO o.a.j.JMeter: Version 5.3
2021-04-27 10:28:07,351 INFO o.a.j.JMeter: java.version=1.8.0_252
2021-04-27 10:28:07,352 INFO o.a.j.JMeter: java.vm.name=OpenJDK 64-Bit Server VM
2021-04-27 10:28:07,353 INFO o.a.j.JMeter: os.name=Linux
2021-04-27 10:28:07,353 INFO o.a.j.JMeter: os.arch=amd64
2021-04-27 10:28:07,354 INFO o.a.j.JMeter: os.version=4.19.121-linuxkit
2021-04-27 10:28:07,354 INFO o.a.j.JMeter: file.encoding=UTF-8
2021-04-27 10:28:07,355 INFO o.a.j.JMeter: java.awt.headless=true
2021-04-27 10:28:07,355 INFO o.a.j.JMeter: Max memory     =184549376
2021-04-27 10:28:07,356 INFO o.a.j.JMeter: Available Processors =4
2021-04-27 10:28:07,365 INFO o.a.j.JMeter: Default Locale=English (EN)
2021-04-27 10:28:07,367 INFO o.a.j.JMeter: JMeter  Locale=English (EN)
2021-04-27 10:28:07,367 INFO o.a.j.JMeter: JMeterHome=/opt/apache-jmeter-5.3
2021-04-27 10:28:07,368 INFO o.a.j.JMeter: user.dir  =/Users/itue/workspace/jenkins/jenkins-integration/jmeter
2021-04-27 10:28:07,369 INFO o.a.j.JMeter: PWD       =/Users/itue/workspace/jenkins/jenkins-integration/jmeter
2021-04-27 10:28:07,370 INFO o.a.j.JMeter: IP: 172.17.0.2 Name: dd2afdf1a71c FullName: dd2afdf1a71c
2021-04-27 10:28:07,376 ERROR o.a.j.JMeter: An error occurred: 
org.apache.jmeter.report.config.ConfigurationException: The file /Users/itue/workspace/jenkins/jenkins-integration/jmeter/TestPlan.jmx doesn't exist or can't be opened
	at org.apache.jmeter.JMeter.runNonGui(JMeter.java:1003) ~[ApacheJMeter_core.jar:5.3]
	at org.apache.jmeter.JMeter.startNonGui(JMeter.java:994) ~[ApacheJMeter_core.jar:5.3]
	at org.apache.jmeter.JMeter.start(JMeter.java:566) [ApacheJMeter_core.jar:5.3]
	at sun.reflect.NativeMethodAccessorImpl.invoke0(Native Method) ~[?:1.8.0_252]
	at sun.reflect.NativeMethodAccessorImpl.invoke(NativeMethodAccessorImpl.java:62) ~[?:1.8.0_252]
	at sun.reflect.DelegatingMethodAccessorImpl.invoke(DelegatingMethodAccessorImpl.java:43) ~[?:1.8.0_252]
	at java.lang.reflect.Method.invoke(Method.java:498) ~[?:1.8.0_252]
	at org.apache.jmeter.NewDriver.main(NewDriver.java:252) [ApacheJMeter.jar:5.3]
